{
  "stats": {
    "suites": 1,
    "tests": 1,
    "passes": 1,
    "pending": 0,
    "failures": 0,
    "start": "2026-01-30T17:09:29.451Z",
    "end": "2026-01-30T17:09:35.755Z",
    "duration": 6304,
    "testsRegistered": 1,
    "passPercent": 100,
    "pendingPercent": 0,
    "other": 0,
    "hasOther": false,
    "skipped": 0,
    "hasSkipped": false
  },
  "results": [
    {
      "uuid": "94a1b7db-0bc5-4b97-8811-1417c7d92bb4",
      "title": "",
      "fullFile": "cypress\\e2e\\examples\\Test6 - Calender.js",
      "file": "cypress\\e2e\\examples\\Test6 - Calender.js",
      "beforeHooks": [],
      "afterHooks": [],
      "tests": [],
      "suites": [
        {
          "uuid": "d374209b-c222-48db-8077-0d37d496ca07",
          "title": "Calender functionality",
          "fullFile": "",
          "file": "",
          "beforeHooks": [],
          "afterHooks": [],
          "tests": [
            {
              "title": "veriy the calender functionality",
              "fullTitle": "Calender functionality veriy the calender functionality",
              "timedOut": null,
              "duration": 3971,
              "state": "passed",
              "speed": "fast",
              "pass": true,
              "fail": false,
              "pending": false,
              "context": "{\n  \"title\": \"cypress-mochawesome-reporter-videos-passed\",\n  \"value\": \"cypress\\\\e2e\\\\examples\\\\Test6 - Calender.js\"\n}",
              "code": "cy.visit(Cypress.env('Calender_url')); // defined the url in cypress.config.js\ncy.get('.react-date-picker__inputGroup').click();\ncy.get('.react-calendar__navigation__label').click().click().click();\ncy.contains('button', Year_range).click();\n//cy.contains('.react-calendar__tile').should('have.text', Year).click()\ncy.contains('button', Year).click();\n//cy.contains('button', Month).click();\n//cy.get(\"button[type='button']\").eq(10).click()\ncy.get('.react-calendar__year-view__months__month').eq(Number(Month_Number) - 1).click();\ncy.get('button.react-calendar__month-view__days__day').not(\".react-calendar__tile react-calendar__month-view__days__day react-calendar__month-view__days__day--neighboringMonth\").contains('abbr', new RegExp(\"^\".concat(Date, \"$\"))).click();\n//cy.get('.react-date-picker__inputGroup').then(function($Date) {\n//  cy.log($Date.text)\ncy.get('.react-date-picker__inputGroup__input').each(function ($el, index) {\n  cy.wrap($el).invoke('val').should('eq', Expected_Date[index]); // .react class have 3 matching elements of Date,month,year. Invoke those with Value and retrive with index\n});",
              "err": {},
              "uuid": "655f7204-8576-43b1-b222-46569854c5a3",
              "parentUUID": "d374209b-c222-48db-8077-0d37d496ca07",
              "isHook": false,
              "skipped": false
            }
          ],
          "suites": [],
          "passes": [
            "655f7204-8576-43b1-b222-46569854c5a3"
          ],
          "failures": [],
          "pending": [],
          "skipped": [],
          "duration": 3971,
          "root": false,
          "rootEmpty": false,
          "_timeout": 2000
        }
      ],
      "passes": [],
      "failures": [],
      "pending": [],
      "skipped": [],
      "duration": 0,
      "root": true,
      "rootEmpty": true,
      "_timeout": 2000
    }
  ],
  "meta": {
    "mocha": {
      "version": "7.0.1"
    },
    "mochawesome": {
      "options": {
        "quiet": false,
        "reportFilename": "mochawesome",
        "saveHtml": false,
        "saveJson": true,
        "consoleReporter": "spec",
        "useInlineDiffs": false,
        "code": true
      },
      "version": "7.1.4"
    },
    "marge": {
      "options": {
        "overwrite": false,
        "html": false,
        "json": true,
        "reportDir": "cypress\\reports\\html\\.jsons"
      },
      "version": "6.3.2"
    }
  }
}