{
  "stats": {
    "suites": 1,
    "tests": 1,
    "passes": 1,
    "pending": 0,
    "failures": 0,
    "start": "2026-01-10T17:15:02.027Z",
    "end": "2026-01-10T17:15:20.749Z",
    "duration": 18722,
    "testsRegistered": 1,
    "passPercent": 100,
    "pendingPercent": 0,
    "other": 0,
    "hasOther": false,
    "skipped": 0,
    "hasSkipped": false
  },
  "results": [
    {
      "uuid": "1723ed92-6f50-4673-be5b-3f2887c523eb",
      "title": "",
      "fullFile": "cypress\\e2e\\examples\\Test3 - Window Handling.js",
      "file": "cypress\\e2e\\examples\\Test3 - Window Handling.js",
      "beforeHooks": [],
      "afterHooks": [],
      "tests": [],
      "suites": [
        {
          "uuid": "f5158515-4ac3-4ee8-81cd-8f083e30c658",
          "title": "Handling the windows",
          "fullFile": "",
          "file": "",
          "beforeHooks": [],
          "afterHooks": [],
          "tests": [
            {
              "title": "Switching the tabs within the window",
              "fullTitle": "Handling the windows Switching the tabs within the window",
              "timedOut": null,
              "duration": 16797,
              "state": "passed",
              "speed": "slow",
              "pass": true,
              "fail": false,
              "pending": false,
              "context": "{\n  \"title\": \"cypress-mochawesome-reporter-videos-passed\",\n  \"value\": \"cypress\\\\e2e\\\\examples\\\\Test3 - Window Handling.js\"\n}",
              "code": "cy.visit(\"https://rahulshettyacademy.com/AutomationPractice/\");\n//Opening the window in different tab\n//cy.get('#opentab').click()\n//Opening the window in same tab\n// By default, target attribute == blank page, So need to remove the attribute and click\ncy.get('#opentab').invoke('removeAttr', 'target').click();\n//To proceed with new window link\ncy.origin(\"https://www.qaclickacademy.com/\", function () {\n  cy.get('#footer-part a[href*=\"about.html\"]').should('contain', 'About us').click();\n  cy.get('#about-page h2').should('contain', 'Welcome to QAClick Academy');\n});\n// Another method\ncy.visit(url + \"AutomationPractice/\");\ncy.get('#opentab').then(function (el) {\n  //Since Cypress commands are asynchronous, this \"promise-like\" structure captures the element (el) so you can extract information from it before moving to the next step.\n  var Child_url = el.prop('href'); // .prop() is a jQuery method used to retrieve a property value from a DOM element.\n  cy.visit(Child_url); // first we need to visit the url and change to origin\n  cy.origin(Child_url, function () {\n    cy.get('#footer-part a[href*=\"about.html\"]').click();\n  });\n});",
              "err": {},
              "uuid": "ef29ba73-0612-4fc0-82cb-6ce1136b88bd",
              "parentUUID": "f5158515-4ac3-4ee8-81cd-8f083e30c658",
              "isHook": false,
              "skipped": false
            }
          ],
          "suites": [],
          "passes": [
            "ef29ba73-0612-4fc0-82cb-6ce1136b88bd"
          ],
          "failures": [],
          "pending": [],
          "skipped": [],
          "duration": 16797,
          "root": false,
          "rootEmpty": false,
          "_timeout": 2000
        }
      ],
      "passes": [],
      "failures": [],
      "pending": [],
      "skipped": [],
      "duration": 0,
      "root": true,
      "rootEmpty": true,
      "_timeout": 2000
    }
  ],
  "meta": {
    "mocha": {
      "version": "7.0.1"
    },
    "mochawesome": {
      "options": {
        "quiet": false,
        "reportFilename": "mochawesome",
        "saveHtml": false,
        "saveJson": true,
        "consoleReporter": "spec",
        "useInlineDiffs": false,
        "code": true
      },
      "version": "7.1.4"
    },
    "marge": {
      "options": {
        "overwrite": false,
        "html": false,
        "json": true,
        "reportDir": "cypress\\reports\\html\\.jsons"
      },
      "version": "6.3.2"
    }
  }
}