{
  "stats": {
    "suites": 1,
    "tests": 1,
    "passes": 0,
    "pending": 0,
    "failures": 1,
    "start": "2026-01-10T17:15:33.685Z",
    "end": "2026-01-10T17:15:40.413Z",
    "duration": 6728,
    "testsRegistered": 1,
    "passPercent": 0,
    "pendingPercent": 0,
    "other": 0,
    "hasOther": false,
    "skipped": 0,
    "hasSkipped": false
  },
  "results": [
    {
      "uuid": "18253a77-7385-41b7-bfaf-c2af83934c2b",
      "title": "",
      "fullFile": "cypress\\e2e\\examples\\iframe.js",
      "file": "cypress\\e2e\\examples\\iframe.js",
      "beforeHooks": [],
      "afterHooks": [],
      "tests": [],
      "suites": [
        {
          "uuid": "ae1d2bd4-15cc-46f0-b71e-12f8345ce5ab",
          "title": "Handling the frames",
          "fullFile": "",
          "file": "",
          "beforeHooks": [],
          "afterHooks": [],
          "tests": [
            {
              "title": "Frame in Automation practice site",
              "fullTitle": "Handling the frames Frame in Automation practice site",
              "timedOut": null,
              "duration": 1863,
              "state": "failed",
              "speed": null,
              "pass": false,
              "fail": true,
              "pending": false,
              "context": "[\n  {\n    \"title\": \"cypress-mochawesome-reporter-videos-failed\",\n    \"value\": \"cypress\\\\e2e\\\\examples\\\\iframe.js\"\n  },\n  {\n    \"title\": \"cypress-mochawesome-reporter-screenshots\",\n    \"value\": [\n      [\n        \"\\\\examples\\\\iframe.js\\\\Handling the frames -- Frame in Automation practice site (failed).png\"\n      ],\n      [\n        \"\\\\examples\\\\iframe.js\\\\Handling the frames -- Frame in Automation practice site (failed) (attempt 2).png\"\n      ]\n    ]\n  }\n]",
              "code": "cy.visit(\"https://rahulshettyacademy.com/AutomationPractice/\");\ncy.frameLoaded('#courses-iframe');\n//cy.iframe().find('a[href=\"/mentorship\"]').click({multiple:true})\ncy.iframe().find('a[href=\"/mentorship\"]').eq(0).click();\n//  cy.iframe().find('input[placeholder=\"Enter your name\"]').eq(0).type(\"testing\")\n//  cy.iframe().find('#email').type('test@gmail.com')\n//  cy.iframe().find('button[type=\"submit\"]').click()\ncy.iframe().find('a[href*=\"https://courses.rahulshettyacademy.com/p/mentorship-rahul-shetty\"]').eq(0).click();\ncy.iframe().visit(\"https://courses.rahulshettyacademy.com/p/mentorship-rahul-shetty\");\ncy.origin('https://courses.rahulshettyacademy.com', function () {\n  cy.get('.register-btn').eq(0).click();\n});",
              "err": {
                "message": "Error: cypress-iframe commands can only be applied to exactly one iframe at a time.  Instead found 2",
                "estack": "Error: cypress-iframe commands can only be applied to exactly one iframe at a time.  Instead found 2\n    at Object.eval (node_modules/cypress-iframe/dist/index.js:87:0)\n    at step (node_modules/cypress-iframe/dist/index.js:43:0)\n    at Object.eval [as next] (node_modules/cypress-iframe/dist/index.js:24:0)\n    at eval (node_modules/cypress-iframe/dist/index.js:18:0)\n    at new Promise (<anonymous>)\n    at __awaiter (node_modules/cypress-iframe/dist/index.js:14:0)\n    at Context.eval (node_modules/cypress-iframe/dist/index.js:79:0)",
                "diff": null
              },
              "uuid": "ecd6f038-28e9-4a21-b36e-633a5aebf2cd",
              "parentUUID": "ae1d2bd4-15cc-46f0-b71e-12f8345ce5ab",
              "isHook": false,
              "skipped": false
            }
          ],
          "suites": [],
          "passes": [],
          "failures": [
            "ecd6f038-28e9-4a21-b36e-633a5aebf2cd"
          ],
          "pending": [],
          "skipped": [],
          "duration": 1863,
          "root": false,
          "rootEmpty": false,
          "_timeout": 2000
        }
      ],
      "passes": [],
      "failures": [],
      "pending": [],
      "skipped": [],
      "duration": 0,
      "root": true,
      "rootEmpty": true,
      "_timeout": 2000
    }
  ],
  "meta": {
    "mocha": {
      "version": "7.0.1"
    },
    "mochawesome": {
      "options": {
        "quiet": false,
        "reportFilename": "mochawesome",
        "saveHtml": false,
        "saveJson": true,
        "consoleReporter": "spec",
        "useInlineDiffs": false,
        "code": true
      },
      "version": "7.1.4"
    },
    "marge": {
      "options": {
        "overwrite": false,
        "html": false,
        "json": true,
        "reportDir": "cypress\\reports\\html\\.jsons"
      },
      "version": "6.3.2"
    }
  }
}