{
  "stats": {
    "suites": 1,
    "tests": 1,
    "passes": 1,
    "pending": 0,
    "failures": 0,
    "start": "2026-01-30T17:08:53.428Z",
    "end": "2026-01-30T17:09:02.552Z",
    "duration": 9124,
    "testsRegistered": 1,
    "passPercent": 100,
    "pendingPercent": 0,
    "other": 0,
    "hasOther": false,
    "skipped": 0,
    "hasSkipped": false
  },
  "results": [
    {
      "uuid": "ea23ded4-d6eb-4755-a6fe-99425aab672a",
      "title": "",
      "fullFile": "cypress\\e2e\\examples\\Test4 - Table_data & Mouse hover.js",
      "file": "cypress\\e2e\\examples\\Test4 - Table_data & Mouse hover.js",
      "beforeHooks": [],
      "afterHooks": [],
      "tests": [],
      "suites": [
        {
          "uuid": "fe27a317-9b30-4eec-92f7-3a06885c3383",
          "title": "Handling the Table data",
          "fullFile": "",
          "file": "",
          "beforeHooks": [],
          "afterHooks": [],
          "tests": [
            {
              "title": "Extracting the row from table",
              "fullTitle": "Handling the Table data Extracting the row from table",
              "timedOut": null,
              "duration": 5464,
              "state": "passed",
              "speed": "medium",
              "pass": true,
              "fail": false,
              "pending": false,
              "context": "{\n  \"title\": \"cypress-mochawesome-reporter-videos-passed\",\n  \"value\": \"cypress\\\\e2e\\\\examples\\\\Test4 - Table_data & Mouse hover.js\"\n}",
              "code": "cy.visit(\"https://rahulshettyacademy.com/AutomationPractice/\");\n// selecting the entire column using selector, format = tr td:nth-child(2) : This selects entire column of 2nd \ncy.get('.left-align tr td:nth-child(2)').each(function ($el, index, $list) {\n  var text = $el.text();\n  if (text.includes(\"Python\")) {\n    cy.get('.left-align tr td:nth-child(2)').eq(index).next().then(function (price) {\n      var pricecost = price.text();\n      expect(pricecost).to.equal(\"25\");\n    });\n  }\n});\n// Mouse hovering - show() method from Jquery display the hidden elements under the element/button\ncy.get('#mousehover').invoke('show'); // show method should applied on parent of hidden element\ncy.contains('Top').click({\n  force: true\n});\ncy.url().should('include', 'top');\ncy.get('div.mouse-hover').invoke('show');\ncy.contains('Reload').click({\n  force: true\n}); // {force:true} method forcefully find hidden elements\ncy.url().should('not.include', 'Reload');",
              "err": {},
              "uuid": "9f0dcab8-7155-4611-9f37-04457fac682e",
              "parentUUID": "fe27a317-9b30-4eec-92f7-3a06885c3383",
              "isHook": false,
              "skipped": false
            }
          ],
          "suites": [],
          "passes": [
            "9f0dcab8-7155-4611-9f37-04457fac682e"
          ],
          "failures": [],
          "pending": [],
          "skipped": [],
          "duration": 5464,
          "root": false,
          "rootEmpty": false,
          "_timeout": 2000
        }
      ],
      "passes": [],
      "failures": [],
      "pending": [],
      "skipped": [],
      "duration": 0,
      "root": true,
      "rootEmpty": true,
      "_timeout": 2000
    }
  ],
  "meta": {
    "mocha": {
      "version": "7.0.1"
    },
    "mochawesome": {
      "options": {
        "quiet": false,
        "reportFilename": "mochawesome",
        "saveHtml": false,
        "saveJson": true,
        "consoleReporter": "spec",
        "useInlineDiffs": false,
        "code": true
      },
      "version": "7.1.4"
    },
    "marge": {
      "options": {
        "overwrite": false,
        "html": false,
        "json": true,
        "reportDir": "cypress\\reports\\html\\.jsons"
      },
      "version": "6.3.2"
    }
  }
}