{
  "stats": {
    "suites": 1,
    "tests": 2,
    "passes": 2,
    "pending": 0,
    "failures": 0,
    "start": "2026-01-30T16:14:01.269Z",
    "end": "2026-01-30T16:14:16.446Z",
    "duration": 15177,
    "testsRegistered": 2,
    "passPercent": 100,
    "pendingPercent": 0,
    "other": 0,
    "hasOther": false,
    "skipped": 0,
    "hasSkipped": false
  },
  "results": [
    {
      "uuid": "de630e8a-23ae-4329-b402-bc12849046b0",
      "title": "",
      "fullFile": "cypress\\e2e\\examples\\Test8 - File Upload.js",
      "file": "cypress\\e2e\\examples\\Test8 - File Upload.js",
      "beforeHooks": [],
      "afterHooks": [],
      "tests": [],
      "suites": [
        {
          "uuid": "e0a88675-35a4-4c1b-a393-3d19cb241dd0",
          "title": "Download the file from browser",
          "fullFile": "",
          "file": "",
          "beforeHooks": [],
          "afterHooks": [],
          "tests": [
            {
              "title": "Verify the File download functionality",
              "fullTitle": "Download the file from browser Verify the File download functionality",
              "timedOut": null,
              "duration": 4971,
              "state": "passed",
              "speed": "fast",
              "pass": true,
              "fail": false,
              "pending": false,
              "context": "{\n  \"title\": \"cypress-mochawesome-reporter-videos-passed\",\n  \"value\": \"cypress\\\\e2e\\\\examples\\\\Test8 - File Upload.js\"\n}",
              "code": "cy.visit(WEB_URL);\n//cy.get('input[type=\"url\"]').type(FILE_URL+\".pdf\")\ncy.get('a[href=\"#download-customers-sample-csv-files\"]').eq(0).click({\n  force: true\n});\n//cy.get('button[data-submit-text=\"Start downloading your file\"]').click()\ncy.wait(2000);\ncy.contains('customers-2000000.csv').should('have.attr', 'href').then(function (href) {\n  // Cypress will automatically follow redirects (like Google Drive does)\n  cy.request(href).then(function (response) {\n    // 1. Verify the download endpoint works\n    expect(response.status).to.eq(200);\n    // 2. Optional: Verify it is actually a CSV file\n    expect(response.headers['content-type']).to.include('text/html');\n    // 3. Optional: Save the file to your machine if you need to check contents later\n    cy.writeFile('cypress/downloads/customers-2000000.csv', response.body);\n    var fileName = 'customers-2000000.csv';\n    cy.readFile(\"cypress/downloads/\".concat(fileName)).should('exist');\n  });\n});",
              "err": {},
              "uuid": "3681796e-3530-404d-bab7-2fcc4ec34720",
              "parentUUID": "e0a88675-35a4-4c1b-a393-3d19cb241dd0",
              "isHook": false,
              "skipped": false
            },
            {
              "title": "Verify the Upload file functionality",
              "fullTitle": "Download the file from browser Verify the Upload file functionality",
              "timedOut": null,
              "duration": 3868,
              "state": "passed",
              "speed": "fast",
              "pass": true,
              "fail": false,
              "pending": false,
              "context": "{\n  \"title\": \"cypress-mochawesome-reporter-videos-passed\",\n  \"value\": \"cypress\\\\e2e\\\\examples\\\\Test8 - File Upload.js\"\n}",
              "code": "cy.visit(Upload_URL);\ncy.get('a[href=\"index.html\"]').contains('Testing').then(function (header) {\n  header.text();\n});\ncy.get('p').contains('You can upload a file using the below file upload feature.').then(function (textdetails) {\n  cy.log(textdetails.text());\n});\ncy.get('#fileToUpload');\ncy.get('input[type=\"file\"]').selectFile(Upload_image); //selectFile will upload the input file\ncy.get('input[type=\"file\"]').should('have.value', 'C:\\\\fakepath\\\\God.jpg'); //by default cypress setup the path as \"C:\\\\fakepath\\\\God.jpg\"\ncy.get('input[type=\"submit\"]').click();",
              "err": {},
              "uuid": "08f5cb30-9bd5-4e22-aa3d-f27eb80149a8",
              "parentUUID": "e0a88675-35a4-4c1b-a393-3d19cb241dd0",
              "isHook": false,
              "skipped": false
            }
          ],
          "suites": [],
          "passes": [
            "3681796e-3530-404d-bab7-2fcc4ec34720",
            "08f5cb30-9bd5-4e22-aa3d-f27eb80149a8"
          ],
          "failures": [],
          "pending": [],
          "skipped": [],
          "duration": 8839,
          "root": false,
          "rootEmpty": false,
          "_timeout": 2000
        }
      ],
      "passes": [],
      "failures": [],
      "pending": [],
      "skipped": [],
      "duration": 0,
      "root": true,
      "rootEmpty": true,
      "_timeout": 2000
    }
  ],
  "meta": {
    "mocha": {
      "version": "7.0.1"
    },
    "mochawesome": {
      "options": {
        "quiet": false,
        "reportFilename": "mochawesome",
        "saveHtml": false,
        "saveJson": true,
        "consoleReporter": "spec",
        "useInlineDiffs": false,
        "code": true
      },
      "version": "7.1.4"
    },
    "marge": {
      "options": {
        "overwrite": false,
        "html": false,
        "json": true,
        "reportDir": "cypress\\reports\\html\\.jsons"
      },
      "version": "6.3.2"
    }
  }
}